
Found perl:
   /usr/bin/perl
   This is perl 5, version 34, subversion 1 (v5.34.1) built for darwin-thread-multi-2level

Found java:
   /usr/bin/java
   java version "22.0.2" 2024-07-16

Found canu:
   /Users/pfb2024/canu-2.2/bin/canu
   canu 2.2

Running job 2 based on command line options.
sqCache: found 10330 corrected reads with 91164215 bases.
Initializing 4 work areas.
Loading reference reads 1-12528 inclusive.
Loading 10330 reads and 91164215 bases from range 1-12528 inclusive.
Loading        1 <     4567 <    12528 -   36.45% - 0.01 GBLoading        1 <     9134 <    12528 -   72.91% - 0.02 GBLoading        1 <    12528 <    12528 -  100.00% - 0.02 GB
Build_Hash_Index from 11030 to 12528

Found 1265 reads with length 11167228 to load; 234 skipped by being too short; 0 skipped per library restriction
String_Ct:           0/        1499  totalLen:       13374/    11167228  Hash_Entries:       13352/    70464307  Load: 0.02%
HASH LOADING STOPPED: curID           12528 out of        12528
HASH LOADING STOPPED: length       11167228 out of     11167228 max.
HASH LOADING STOPPED: entries       7016963 out of     70464307 max (load 7.97).

Read 557 kmers to mark to skip


Range: 1-12528.  Store has 12528 reads.
Chunk: 392 reads/thread -- (G.endRefID=12528 - G.bgnRefID=1) / G.Num_PThreads=4 / 8

Starting 1-12528 with 392 per thread

Thread 03 processes reads 1177-1568
Thread 01 processes reads 393-784
Thread 00 processes reads 1-392
Thread 02 processes reads 785-1176
Thread 00 writes    reads 1-392 (1877 overlaps 1877/4145/0 kmer hits with/without overlap/skipped)
Thread 00 processes reads 1569-1960
Thread 02 writes    reads 785-1176 (1845 overlaps 1845/3523/0 kmer hits with/without overlap/skipped)
Thread 02 processes reads 1961-2352
Thread 01 writes    reads 393-784 (2100 overlaps 2100/4301/0 kmer hits with/without overlap/skipped)
Thread 01 processes reads 2353-2744
Thread 03 writes    reads 1177-1568 (2473 overlaps 2473/5058/0 kmer hits with/without overlap/skipped)
Thread 03 processes reads 2745-3136
Thread 00 writes    reads 1569-1960 (2223 overlaps 2223/3991/0 kmer hits with/without overlap/skipped)
Thread 00 processes reads 3137-3528
Thread 02 writes    reads 1961-2352 (1915 overlaps 1915/4393/0 kmer hits with/without overlap/skipped)
Thread 02 processes reads 3529-3920
Thread 01 writes    reads 2353-2744 (1944 overlaps 1944/3825/0 kmer hits with/without overlap/skipped)
Thread 01 processes reads 3921-4312
Thread 03 writes    reads 2745-3136 (2522 overlaps 2522/5197/0 kmer hits with/without overlap/skipped)
Thread 03 processes reads 4313-4704
Thread 00 writes    reads 3137-3528 (1975 overlaps 1975/4132/0 kmer hits with/without overlap/skipped)
Thread 00 processes reads 4705-5096
Thread 02 writes    reads 3529-3920 (2043 overlaps 2043/4621/0 kmer hits with/without overlap/skipped)
Thread 02 processes reads 5097-5488
Thread 01 writes    reads 3921-4312 (2212 overlaps 2212/4756/0 kmer hits with/without overlap/skipped)
Thread 01 processes reads 5489-5880
Thread 03 writes    reads 4313-4704 (2310 overlaps 2310/4822/0 kmer hits with/without overlap/skipped)
Thread 03 processes reads 5881-6272
Thread 00 writes    reads 4705-5096 (1711 overlaps 1711/3766/0 kmer hits with/without overlap/skipped)
Thread 00 processes reads 6273-6664
Thread 02 writes    reads 5097-5488 (2087 overlaps 2087/4478/0 kmer hits with/without overlap/skipped)
Thread 02 processes reads 6665-7056
Thread 01 writes    reads 5489-5880 (2021 overlaps 2021/4857/0 kmer hits with/without overlap/skipped)
Thread 01 processes reads 7057-7448
Thread 03 writes    reads 5881-6272 (2026 overlaps 2026/4122/0 kmer hits with/without overlap/skipped)
Thread 03 processes reads 7449-7840
Thread 00 writes    reads 6273-6664 (1973 overlaps 1973/4431/0 kmer hits with/without overlap/skipped)
Thread 00 processes reads 7841-8232
Thread 02 writes    reads 6665-7056 (2114 overlaps 2114/5252/0 kmer hits with/without overlap/skipped)
Thread 02 processes reads 8233-8624
Thread 01 writes    reads 7057-7448 (2506 overlaps 2506/4513/0 kmer hits with/without overlap/skipped)
Thread 01 processes reads 8625-9016
Thread 03 writes    reads 7449-7840 (2138 overlaps 2138/5007/0 kmer hits with/without overlap/skipped)
Thread 03 processes reads 9017-9408
Thread 00 writes    reads 7841-8232 (1832 overlaps 1832/4322/0 kmer hits with/without overlap/skipped)
Thread 00 processes reads 9409-9800
Thread 02 writes    reads 8233-8624 (2111 overlaps 2111/4619/0 kmer hits with/without overlap/skipped)
Thread 02 processes reads 9801-10192
Thread 01 writes    reads 8625-9016 (2296 overlaps 2296/4278/0 kmer hits with/without overlap/skipped)
Thread 01 processes reads 10193-10584
Thread 03 writes    reads 9017-9408 (2344 overlaps 2344/5727/0 kmer hits with/without overlap/skipped)
Thread 03 processes reads 10585-10976
Thread 00 writes    reads 9409-9800 (2155 overlaps 2155/4894/0 kmer hits with/without overlap/skipped)
Thread 00 processes reads 10977-11368
Thread 02 writes    reads 9801-10192 (2491 overlaps 2491/4943/0 kmer hits with/without overlap/skipped)
Thread 02 processes reads 11369-11760
Thread 01 writes    reads 10193-10584 (2126 overlaps 2126/4883/0 kmer hits with/without overlap/skipped)
Thread 01 processes reads 11761-12152
Thread 03 writes    reads 10585-10976 (1817 overlaps 1817/4711/0 kmer hits with/without overlap/skipped)
Thread 03 processes reads 12153-12528
Thread 00 writes    reads 10977-11368 (1927 overlaps 1927/3773/0 kmer hits with/without overlap/skipped)
Thread 03 writes    reads 12153-12528 (283 overlaps 283/429/0 kmer hits with/without overlap/skipped)
Thread 02 writes    reads 11369-11760 (1706 overlaps 1706/3442/0 kmer hits with/without overlap/skipped)
Thread 01 writes    reads 11761-12152 (858 overlaps 858/1995/0 kmer hits with/without overlap/skipped)
Bye.
