
Found perl:
   /usr/bin/perl
   This is perl 5, version 34, subversion 1 (v5.34.1) built for darwin-thread-multi-2level

Found java:
   /usr/bin/java
   java version "22.0.2" 2024-07-16

Found canu:
   /Users/pfb2024/canu-2.2/bin/canu
   canu 2.2

Running job 1 based on command line options.
Read_Frags()-- Loading target reads 1 through 12528 with 88913462 bases.
Read_Frags()-- 4.719 GB for bases, votes and info.

Read_Olaps()-- Loading 377830 overlaps.
Read_Olaps()-- 0.006 GB for overlaps..

extractReads()-- Loading reads 1 to 12528 (10222 reads with 88911156 bases) overlaps 0 through 377830.
extractReads()-- Loaded.
processReads()-- Launching compute.
processReads()-- Waiting for compute.

Passed overlaps =     376952  99.7676%
Failed overlaps =        878   0.2324%
Output file: ./00001.red.WORKING

Bye.
