
Found perl:
   /usr/bin/perl
   This is perl 5, version 34, subversion 1 (v5.34.1) built for darwin-thread-multi-2level

Found java:
   /usr/bin/java
   java version "22.0.2" 2024-07-16

Found canu:
   /Users/pfb2024/canu-2.2/bin/canu
   canu 2.2


Creating library 'ecoli_filtered_0.60' for PacBio raw reads.

               reads               bases
---------- --------- ------ ------------ ------
Loaded          7534  95.7%     69627333  99.7%  /Users/pfb2024/ecoli_filtered_0.60.fastq
Short            341   4.3%       195679   0.3%
Warnings           1


All reads processed.

               reads               bases
---------- --------- ------ ------------ ------
Loaded          7534  95.7%     69627333  99.7%
Short            341   4.3%       195679   0.3%
Warnings           1


Bye.
