
Found perl:
   /usr/bin/perl
   This is perl 5, version 34, subversion 1 (v5.34.1) built for darwin-thread-multi-2level

Found java:
   /usr/bin/java
   java version "22.0.2" 2024-07-16

Found canu:
   /Users/pfb2024/canu-2.2/bin/canu
   canu 2.2

Running job 1 based on command line options.

Attempting to increase maximum allowed processes and open files.
  Changed max processes per user from 2784 to 2784 (max 4176).
./scripts/2-sort.sh: line 78: [: unlimited: integer expression expected
  Max open files limited to 1048575, no increase possible.


Finding overlaps.
  found     191402 overlaps in './ecoli_60.ovlStore.BUILDING/bucket0001/sliceSizes'.

Loading     191402 overlaps using 0.00 GB of allowed (-M) 1 GB memory.
  loading     191402 overlaps from './ecoli_60.ovlStore.BUILDING/bucket0001/slice0001'.

Sorting.

Writing sorted overlaps.
  created './ecoli_60.ovlStore.BUILDING/0001' with 191402 overlaps for reads 1 to 7413.

Removing bucketized overlaps.

Success!
